[2m2024-02-19 19:26:48.392[0;39m [32m- INFO[0;39m [35m5809[0;39m [2m---[0;39m [2m[  restartedMain][0;39m [36mc.t.m.ManosarthiBackendApplication      [0;39m [2m:[0;39m Starting ManosarthiBackendApplication using Java 21.0.1 with PID 5809 (/home/manasi/HAD_Project/ManoSarthi/backend/target/classes started by manasi in /home/manasi/HAD_Project/ManoSarthi)
-[2m2024-02-19 19:26:48.404[0;39m [32m- INFO[0;39m [35m5809[0;39m [2m---[0;39m [2m[  restartedMain][0;39m [36mc.t.m.ManosarthiBackendApplication      [0;39m [2m:[0;39m No active profile set, falling back to 1 default profile: "default"
-[2m2024-02-19 19:26:48.476[0;39m [32m- INFO[0;39m [35m5809[0;39m [2m---[0;39m [2m[  restartedMain][0;39m [36m.e.DevToolsPropertyDefaultsPostProcessor[0;39m [2m:[0;39m Devtools property defaults active! Set 'spring.devtools.add-properties' to 'false' to disable
-[2m2024-02-19 19:26:48.477[0;39m [32m- INFO[0;39m [35m5809[0;39m [2m---[0;39m [2m[  restartedMain][0;39m [36m.e.DevToolsPropertyDefaultsPostProcessor[0;39m [2m:[0;39m For additional web related logging consider setting the 'logging.level.web' property to 'DEBUG'
-[2m2024-02-19 19:26:49.563[0;39m [32m- INFO[0;39m [35m5809[0;39m [2m---[0;39m [2m[  restartedMain][0;39m [36m.s.d.r.c.RepositoryConfigurationDelegate[0;39m [2m:[0;39m Bootstrapping Spring Data JPA repositories in DEFAULT mode.
-[2m2024-02-19 19:26:49.647[0;39m [32m- INFO[0;39m [35m5809[0;39m [2m---[0;39m [2m[  restartedMain][0;39m [36m.s.d.r.c.RepositoryConfigurationDelegate[0;39m [2m:[0;39m Finished Spring Data repository scanning in 73 ms. Found 1 JPA repository interface.
-[2m2024-02-19 19:26:50.419[0;39m [32m- INFO[0;39m [35m5809[0;39m [2m---[0;39m [2m[  restartedMain][0;39m [36mo.s.b.w.embedded.tomcat.TomcatWebServer [0;39m [2m:[0;39m Tomcat initialized with port 9090 (http)
-[2m2024-02-19 19:26:50.431[0;39m [32m- INFO[0;39m [35m5809[0;39m [2m---[0;39m [2m[  restartedMain][0;39m [36mo.apache.catalina.core.StandardService  [0;39m [2m:[0;39m Starting service [Tomcat]
-[2m2024-02-19 19:26:50.432[0;39m [32m- INFO[0;39m [35m5809[0;39m [2m---[0;39m [2m[  restartedMain][0;39m [36mo.apache.catalina.core.StandardEngine   [0;39m [2m:[0;39m Starting Servlet engine: [Apache Tomcat/10.1.18]
-[2m2024-02-19 19:26:50.474[0;39m [32m- INFO[0;39m [35m5809[0;39m [2m---[0;39m [2m[  restartedMain][0;39m [36mo.a.c.c.C.[Tomcat].[localhost].[/]      [0;39m [2m:[0;39m Initializing Spring embedded WebApplicationContext
-[2m2024-02-19 19:26:50.475[0;39m [32m- INFO[0;39m [35m5809[0;39m [2m---[0;39m [2m[  restartedMain][0;39m [36mw.s.c.ServletWebServerApplicationContext[0;39m [2m:[0;39m Root WebApplicationContext: initialization completed in 1998 ms
-[2m2024-02-19 19:26:50.652[0;39m [32m- INFO[0;39m [35m5809[0;39m [2m---[0;39m [2m[  restartedMain][0;39m [36mo.hibernate.jpa.internal.util.LogHelper [0;39m [2m:[0;39m HHH000204: Processing PersistenceUnitInfo [name: default]
-[2m2024-02-19 19:26:50.725[0;39m [32m- INFO[0;39m [35m5809[0;39m [2m---[0;39m [2m[  restartedMain][0;39m [36morg.hibernate.Version                   [0;39m [2m:[0;39m HHH000412: Hibernate ORM core version 6.4.1.Final
-[2m2024-02-19 19:26:50.762[0;39m [32m- INFO[0;39m [35m5809[0;39m [2m---[0;39m [2m[  restartedMain][0;39m [36mo.h.c.internal.RegionFactoryInitiator   [0;39m [2m:[0;39m HHH000026: Second-level cache disabled
-[2m2024-02-19 19:26:51.047[0;39m [32m- INFO[0;39m [35m5809[0;39m [2m---[0;39m [2m[  restartedMain][0;39m [36mo.s.o.j.p.SpringPersistenceUnitInfo     [0;39m [2m:[0;39m No LoadTimeWeaver setup: ignoring JPA class transformer
-[2m2024-02-19 19:26:51.080[0;39m [32m- INFO[0;39m [35m5809[0;39m [2m---[0;39m [2m[  restartedMain][0;39m [36mcom.zaxxer.hikari.HikariDataSource      [0;39m [2m:[0;39m HikariPool-1 - Starting...
-[2m2024-02-19 19:26:51.601[0;39m [32m- INFO[0;39m [35m5809[0;39m [2m---[0;39m [2m[  restartedMain][0;39m [36mcom.zaxxer.hikari.pool.HikariPool       [0;39m [2m:[0;39m HikariPool-1 - Added connection com.mysql.cj.jdbc.ConnectionImpl@1280fc0b
-[2m2024-02-19 19:26:51.604[0;39m [32m- INFO[0;39m [35m5809[0;39m [2m---[0;39m [2m[  restartedMain][0;39m [36mcom.zaxxer.hikari.HikariDataSource      [0;39m [2m:[0;39m HikariPool-1 - Start completed.
-[2m2024-02-19 19:26:51.680[0;39m [33m- WARN[0;39m [35m5809[0;39m [2m---[0;39m [2m[  restartedMain][0;39m [36morg.hibernate.orm.deprecation           [0;39m [2m:[0;39m HHH90000025: MySQL8Dialect does not need to be specified explicitly using 'hibernate.dialect' (remove the property setting and it will be selected by default)
-[2m2024-02-19 19:26:51.681[0;39m [33m- WARN[0;39m [35m5809[0;39m [2m---[0;39m [2m[  restartedMain][0;39m [36morg.hibernate.orm.deprecation           [0;39m [2m:[0;39m HHH90000026: MySQL8Dialect has been deprecated; use org.hibernate.dialect.MySQLDialect instead
-[2m2024-02-19 19:26:52.543[0;39m [32m- INFO[0;39m [35m5809[0;39m [2m---[0;39m [2m[  restartedMain][0;39m [36mo.h.e.t.j.p.i.JtaPlatformInitiator      [0;39m [2m:[0;39m HHH000489: No JTA platform available (set 'hibernate.transaction.jta.platform' to enable JTA platform integration)
-[2m2024-02-19 19:26:52.616[0;39m [32m- INFO[0;39m [35m5809[0;39m [2m---[0;39m [2m[  restartedMain][0;39m [36mj.LocalContainerEntityManagerFactoryBean[0;39m [2m:[0;39m Initialized JPA EntityManagerFactory for persistence unit 'default'
-[2m2024-02-19 19:26:53.151[0;39m [33m- WARN[0;39m [35m5809[0;39m [2m---[0;39m [2m[  restartedMain][0;39m [36mJpaBaseConfiguration$JpaWebConfiguration[0;39m [2m:[0;39m spring.jpa.open-in-view is enabled by default. Therefore, database queries may be performed during view rendering. Explicitly configure spring.jpa.open-in-view to disable this warning
-[2m2024-02-19 19:26:53.875[0;39m [32m- INFO[0;39m [35m5809[0;39m [2m---[0;39m [2m[  restartedMain][0;39m [36mo.s.s.web.DefaultSecurityFilterChain    [0;39m [2m:[0;39m Will secure any request with [org.springframework.security.web.session.DisableEncodeUrlFilter@48c8d2e8, org.springframework.security.web.context.request.async.WebAsyncManagerIntegrationFilter@54fa28d4, org.springframework.security.web.context.SecurityContextHolderFilter@3944b5d6, org.springframework.security.web.header.HeaderWriterFilter@47f3505f, org.springframework.security.web.authentication.logout.LogoutFilter@1358de86, com.team9.manosarthi_backend.security.JwtAuthenticationFilter@460d7bb6, org.springframework.security.web.authentication.UsernamePasswordAuthenticationFilter@3d559bc1, org.springframework.security.web.authentication.www.BasicAuthenticationFilter@14c11df8, org.springframework.security.web.savedrequest.RequestCacheAwareFilter@2e1cd42d, org.springframework.security.web.servletapi.SecurityContextHolderAwareRequestFilter@1cfa3ea1, org.springframework.security.web.authentication.AnonymousAuthenticationFilter@45603a19, org.springframework.security.web.session.SessionManagementFilter@1f802dff, org.springframework.security.web.access.ExceptionTranslationFilter@1cadb50, org.springframework.security.web.access.intercept.AuthorizationFilter@29c4510b]
-[2m2024-02-19 19:26:54.151[0;39m [33m- WARN[0;39m [35m5809[0;39m [2m---[0;39m [2m[  restartedMain][0;39m [36mion$DefaultTemplateResolverConfiguration[0;39m [2m:[0;39m Cannot find template location: classpath:/templates/ (please add some templates, check your Thymeleaf configuration, or set spring.thymeleaf.check-template-location=false)
-[2m2024-02-19 19:26:54.397[0;39m [32m- INFO[0;39m [35m5809[0;39m [2m---[0;39m [2m[  restartedMain][0;39m [36mo.s.b.d.a.OptionalLiveReloadServer      [0;39m [2m:[0;39m LiveReload server is running on port 35729
-[2m2024-02-19 19:26:54.441[0;39m [32m- INFO[0;39m [35m5809[0;39m [2m---[0;39m [2m[  restartedMain][0;39m [36mo.s.b.w.embedded.tomcat.TomcatWebServer [0;39m [2m:[0;39m Tomcat started on port 9090 (http) with context path ''
-[2m2024-02-19 19:26:54.452[0;39m [32m- INFO[0;39m [35m5809[0;39m [2m---[0;39m [2m[  restartedMain][0;39m [36mc.t.m.ManosarthiBackendApplication      [0;39m [2m:[0;39m Started ManosarthiBackendApplication in 6.774 seconds (process running for 8.944)
-[2m2024-02-19 19:28:07.941[0;39m [32m- INFO[0;39m [35m5809[0;39m [2m---[0;39m [2m[nio-9090-exec-2][0;39m [36mo.a.c.c.C.[Tomcat].[localhost].[/]      [0;39m [2m:[0;39m Initializing Spring DispatcherServlet 'dispatcherServlet'
-[2m2024-02-19 19:28:07.943[0;39m [32m- INFO[0;39m [35m5809[0;39m [2m---[0;39m [2m[nio-9090-exec-2][0;39m [36mo.s.web.servlet.DispatcherServlet       [0;39m [2m:[0;39m Initializing Servlet 'dispatcherServlet'
-[2m2024-02-19 19:28:07.945[0;39m [32m- INFO[0;39m [35m5809[0;39m [2m---[0;39m [2m[nio-9090-exec-2][0;39m [36mo.s.web.servlet.DispatcherServlet       [0;39m [2m:[0;39m Completed initialization in 2 ms
-[2m2024-02-19 19:28:07.971[0;39m [32m-DEBUG[0;39m [35m5809[0;39m [2m---[0;39m [2m[nio-9090-exec-2][0;39m [36mo.s.security.web.FilterChainProxy       [0;39m [2m:[0;39m Securing POST /auth/login
-[2m2024-02-19 19:28:07.978[0;39m [32m- INFO[0;39m [35m5809[0;39m [2m---[0;39m [2m[nio-9090-exec-2][0;39m [36mo.s.web.filter.OncePerRequestFilter     [0;39m [2m:[0;39m  Header :  null
-[2m2024-02-19 19:28:07.978[0;39m [32m- INFO[0;39m [35m5809[0;39m [2m---[0;39m [2m[nio-9090-exec-2][0;39m [36mo.s.web.filter.OncePerRequestFilter     [0;39m [2m:[0;39m Invalid Header Value !! 
-[2m2024-02-19 19:28:07.981[0;39m [32m-DEBUG[0;39m [35m5809[0;39m [2m---[0;39m [2m[nio-9090-exec-2][0;39m [36mo.s.s.w.a.AnonymousAuthenticationFilter [0;39m [2m:[0;39m Set SecurityContextHolder to anonymous SecurityContext
-[2m2024-02-19 19:28:07.983[0;39m [32m-DEBUG[0;39m [35m5809[0;39m [2m---[0;39m [2m[nio-9090-exec-2][0;39m [36mo.s.security.web.FilterChainProxy       [0;39m [2m:[0;39m Secured POST /auth/login
-[2m2024-02-19 19:28:08.564[0;39m [32m-DEBUG[0;39m [35m5809[0;39m [2m---[0;39m [2m[nio-9090-exec-2][0;39m [36mo.s.s.a.dao.DaoAuthenticationProvider   [0;39m [2m:[0;39m Authenticated user
-