[2m2024-05-28 02:20:14.560[0;39m [32m-DEBUG[0;39m [35m17913[0;39m [2m---[0;39m [2m[nio-9090-exec-3][0;39m [36mo.s.security.web.FilterChainProxy       [0;39m [2m:[0;39m Securing POST /auth/login
-[2m2024-05-28 02:20:14.562[0;39m [32m- INFO[0;39m [35m17913[0;39m [2m---[0;39m [2m[nio-9090-exec-3][0;39m [36mo.s.web.filter.OncePerRequestFilter     [0;39m [2m:[0;39m  Header :  null
-[2m2024-05-28 02:20:14.562[0;39m [32m- INFO[0;39m [35m17913[0;39m [2m---[0;39m [2m[nio-9090-exec-3][0;39m [36mo.s.web.filter.OncePerRequestFilter     [0;39m [2m:[0;39m Invalid Header Value !! 
-[2m2024-05-28 02:20:14.562[0;39m [32m-DEBUG[0;39m [35m17913[0;39m [2m---[0;39m [2m[nio-9090-exec-3][0;39m [36mo.s.s.w.a.AnonymousAuthenticationFilter [0;39m [2m:[0;39m Set SecurityContextHolder to anonymous SecurityContext
-[2m2024-05-28 02:20:14.562[0;39m [32m-DEBUG[0;39m [35m17913[0;39m [2m---[0;39m [2m[nio-9090-exec-3][0;39m [36mo.s.security.web.FilterChainProxy       [0;39m [2m:[0;39m Secured POST /auth/login
-[2m2024-05-28 02:20:14.698[0;39m [32m-DEBUG[0;39m [35m17913[0;39m [2m---[0;39m [2m[nio-9090-exec-3][0;39m [36mo.s.s.a.dao.DaoAuthenticationProvider   [0;39m [2m:[0;39m Authenticated user
-[2m2024-05-28 02:20:46.423[0;39m [32m-DEBUG[0;39m [35m17913[0;39m [2m---[0;39m [2m[nio-9090-exec-9][0;39m [36mo.s.security.web.FilterChainProxy       [0;39m [2m:[0;39m Securing GET /worker/getprescriptions
-[2m2024-05-28 02:20:46.423[0;39m [32m- INFO[0;39m [35m17913[0;39m [2m---[0;39m [2m[nio-9090-exec-9][0;39m [36mo.s.web.filter.OncePerRequestFilter     [0;39m [2m:[0;39m  Header :  Bearer eyJhbGciOiJIUzI1NiJ9.eyJzdWIiOiJXT1JLRVIxIiwiaWF0IjoxNzE2ODQzMDE0LCJleHAiOjE3MTY5MjA5OTksImp0aSI6IjEifQ.RYu5Lh7htN_NloxU-sX39WjTylLEI57Yo1j8TLyC4Ho
-[2m2024-05-28 02:20:46.428[0;39m [32m-DEBUG[0;39m [35m17913[0;39m [2m---[0;39m [2m[nio-9090-exec-9][0;39m [36mo.s.security.web.FilterChainProxy       [0;39m [2m:[0;39m Secured GET /worker/getprescriptions
-[2m2024-05-28 02:24:21.270[0;39m [32m-DEBUG[0;39m [35m17913[0;39m [2m---[0;39m [2m[io-9090-exec-10][0;39m [36mo.s.security.web.FilterChainProxy       [0;39m [2m:[0;39m Securing OPTIONS /doctor/new-patient?pagenumber=0
-[2m2024-05-28 02:24:21.270[0;39m [32m-DEBUG[0;39m [35m17913[0;39m [2m---[0;39m [2m[nio-9090-exec-7][0;39m [36mo.s.security.web.FilterChainProxy       [0;39m [2m:[0;39m Securing OPTIONS /doctor/new-patient?pagenumber=0
-[2m2024-05-28 02:26:32.023[0;39m [32m-DEBUG[0;39m [35m17913[0;39m [2m---[0;39m [2m[nio-9090-exec-4][0;39m [36mo.s.security.web.FilterChainProxy       [0;39m [2m:[0;39m Securing POST /auth/login
-[2m2024-05-28 02:26:32.024[0;39m [32m- INFO[0;39m [35m17913[0;39m [2m---[0;39m [2m[nio-9090-exec-4][0;39m [36mo.s.web.filter.OncePerRequestFilter     [0;39m [2m:[0;39m  Header :  null
-[2m2024-05-28 02:26:32.024[0;39m [32m- INFO[0;39m [35m17913[0;39m [2m---[0;39m [2m[nio-9090-exec-4][0;39m [36mo.s.web.filter.OncePerRequestFilter     [0;39m [2m:[0;39m Invalid Header Value !! 
-[2m2024-05-28 02:26:32.025[0;39m [32m-DEBUG[0;39m [35m17913[0;39m [2m---[0;39m [2m[nio-9090-exec-4][0;39m [36mo.s.s.w.a.AnonymousAuthenticationFilter [0;39m [2m:[0;39m Set SecurityContextHolder to anonymous SecurityContext
-[2m2024-05-28 02:26:32.025[0;39m [32m-DEBUG[0;39m [35m17913[0;39m [2m---[0;39m [2m[nio-9090-exec-4][0;39m [36mo.s.security.web.FilterChainProxy       [0;39m [2m:[0;39m Secured POST /auth/login
-[2m2024-05-28 02:26:32.162[0;39m [32m-DEBUG[0;39m [35m17913[0;39m [2m---[0;39m [2m[nio-9090-exec-4][0;39m [36mo.s.s.a.dao.DaoAuthenticationProvider   [0;39m [2m:[0;39m Authenticated user
-[2m2024-05-28 02:26:32.330[0;39m [32m-DEBUG[0;39m [35m17913[0;39m [2m---[0;39m [2m[nio-9090-exec-6][0;39m [36mo.s.security.web.FilterChainProxy       [0;39m [2m:[0;39m Securing GET /passwordstatus/?username=WORKER1
-[2m2024-05-28 02:26:32.331[0;39m [32m- INFO[0;39m [35m17913[0;39m [2m---[0;39m [2m[nio-9090-exec-6][0;39m [36mo.s.web.filter.OncePerRequestFilter     [0;39m [2m:[0;39m  Header :  Bearer eyJhbGciOiJIUzI1NiJ9.eyJzdWIiOiJXT1JLRVIxIiwiaWF0IjoxNzE2ODQzMzkyLCJleHAiOjE3MTY5MjA5OTksImp0aSI6IjEifQ.XvZlVX2mz1n1EZs6NL7MCuBbRltRB9p8CUthMvM_xvw
-[2m2024-05-28 02:26:32.342[0;39m [32m-DEBUG[0;39m [35m17913[0;39m [2m---[0;39m [2m[nio-9090-exec-2][0;39m [36mo.s.security.web.FilterChainProxy       [0;39m [2m:[0;39m Securing GET /worker/getquestionarrie
-[2m2024-05-28 02:26:32.343[0;39m [32m- INFO[0;39m [35m17913[0;39m [2m---[0;39m [2m[nio-9090-exec-2][0;39m [36mo.s.web.filter.OncePerRequestFilter     [0;39m [2m:[0;39m  Header :  Bearer eyJhbGciOiJIUzI1NiJ9.eyJzdWIiOiJXT1JLRVIxIiwiaWF0IjoxNzE2ODQzMzkyLCJleHAiOjE3MTY5MjA5OTksImp0aSI6IjEifQ.XvZlVX2mz1n1EZs6NL7MCuBbRltRB9p8CUthMvM_xvw
-[2m2024-05-28 02:26:32.348[0;39m [32m-DEBUG[0;39m [35m17913[0;39m [2m---[0;39m [2m[nio-9090-exec-6][0;39m [36mo.s.security.web.FilterChainProxy       [0;39m [2m:[0;39m Secured GET /passwordstatus/?username=WORKER1
-[2m2024-05-28 02:26:32.350[0;39m [32m-DEBUG[0;39m [35m17913[0;39m [2m---[0;39m [2m[nio-9090-exec-6][0;39m [36mhorizationManagerBeforeMethodInterceptor[0;39m [2m:[0;39m Authorizing method invocation ReflectiveMethodInvocation: public java.lang.Boolean com.team9.manosarthi_backend.Controllers.ChangePassController.getpassstatus(java.lang.String); target is of class [com.team9.manosarthi_backend.Controllers.ChangePassController]
-[2m2024-05-28 02:26:32.351[0;39m [32m-DEBUG[0;39m [35m17913[0;39m [2m---[0;39m [2m[nio-9090-exec-6][0;39m [36mhorizationManagerBeforeMethodInterceptor[0;39m [2m:[0;39m Authorized method invocation ReflectiveMethodInvocation: public java.lang.Boolean com.team9.manosarthi_backend.Controllers.ChangePassController.getpassstatus(java.lang.String); target is of class [com.team9.manosarthi_backend.Controllers.ChangePassController]
-[2m2024-05-28 02:26:32.358[0;39m [32m-DEBUG[0;39m [35m17913[0;39m [2m---[0;39m [2m[nio-9090-exec-2][0;39m [36mo.s.security.web.FilterChainProxy       [0;39m [2m:[0;39m Secured GET /worker/getquestionarrie
-[2m2024-05-28 02:26:32.603[0;39m [32m-DEBUG[0;39m [35m17913[0;39m [2m---[0;39m [2m[nio-9090-exec-3][0;39m [36mo.s.security.web.FilterChainProxy       [0;39m [2m:[0;39m Securing GET /worker/get-medical-questionarrie
-[2m2024-05-28 02:26:32.603[0;39m [32m- INFO[0;39m [35m17913[0;39m [2m---[0;39m [2m[nio-9090-exec-3][0;39m [36mo.s.web.filter.OncePerRequestFilter     [0;39m [2m:[0;39m  Header :  Bearer eyJhbGciOiJIUzI1NiJ9.eyJzdWIiOiJXT1JLRVIxIiwiaWF0IjoxNzE2ODQzMzkyLCJleHAiOjE3MTY5MjA5OTksImp0aSI6IjEifQ.XvZlVX2mz1n1EZs6NL7MCuBbRltRB9p8CUthMvM_xvw
-[2m2024-05-28 02:26:32.612[0;39m [32m-DEBUG[0;39m [35m17913[0;39m [2m---[0;39m [2m[nio-9090-exec-3][0;39m [36mo.s.security.web.FilterChainProxy       [0;39m [2m:[0;39m Secured GET /worker/get-medical-questionarrie
-[2m2024-05-28 02:26:32.701[0;39m [32m-DEBUG[0;39m [35m17913[0;39m [2m---[0;39m [2m[nio-9090-exec-9][0;39m [36mo.s.security.web.FilterChainProxy       [0;39m [2m:[0;39m Securing GET /worker/getAbhaid
-[2m2024-05-28 02:26:32.702[0;39m [32m- INFO[0;39m [35m17913[0;39m [2m---[0;39m [2m[nio-9090-exec-9][0;39m [36mo.s.web.filter.OncePerRequestFilter     [0;39m [2m:[0;39m  Header :  Bearer eyJhbGciOiJIUzI1NiJ9.eyJzdWIiOiJXT1JLRVIxIiwiaWF0IjoxNzE2ODQzMzkyLCJleHAiOjE3MTY5MjA5OTksImp0aSI6IjEifQ.XvZlVX2mz1n1EZs6NL7MCuBbRltRB9p8CUthMvM_xvw
-[2m2024-05-28 02:26:32.714[0;39m [32m-DEBUG[0;39m [35m17913[0;39m [2m---[0;39m [2m[nio-9090-exec-9][0;39m [36mo.s.security.web.FilterChainProxy       [0;39m [2m:[0;39m Secured GET /worker/getAbhaid
-[2m2024-05-28 02:26:35.463[0;39m [32m-DEBUG[0;39m [35m17913[0;39m [2m---[0;39m [2m[nio-9090-exec-5][0;39m [36mo.s.security.web.FilterChainProxy       [0;39m [2m:[0;39m Securing GET /worker/getFollowupSchedule
-[2m2024-05-28 02:26:35.463[0;39m [32m- INFO[0;39m [35m17913[0;39m [2m---[0;39m [2m[nio-9090-exec-5][0;39m [36mo.s.web.filter.OncePerRequestFilter     [0;39m [2m:[0;39m  Header :  Bearer eyJhbGciOiJIUzI1NiJ9.eyJzdWIiOiJXT1JLRVIxIiwiaWF0IjoxNzE2ODQzMzkyLCJleHAiOjE3MTY5MjA5OTksImp0aSI6IjEifQ.XvZlVX2mz1n1EZs6NL7MCuBbRltRB9p8CUthMvM_xvw
-[2m2024-05-28 02:26:35.473[0;39m [32m-DEBUG[0;39m [35m17913[0;39m [2m---[0;39m [2m[nio-9090-exec-5][0;39m [36mo.s.security.web.FilterChainProxy       [0;39m [2m:[0;39m Secured GET /worker/getFollowupSchedule
-[2m2024-05-28 02:26:35.620[0;39m [32m-DEBUG[0;39m [35m17913[0;39m [2m---[0;39m [2m[nio-9090-exec-7][0;39m [36mo.s.security.web.FilterChainProxy       [0;39m [2m:[0;39m Securing GET /worker/getprescriptions
-[2m2024-05-28 02:26:35.621[0;39m [32m- INFO[0;39m [35m17913[0;39m [2m---[0;39m [2m[nio-9090-exec-7][0;39m [36mo.s.web.filter.OncePerRequestFilter     [0;39m [2m:[0;39m  Header :  Bearer eyJhbGciOiJIUzI1NiJ9.eyJzdWIiOiJXT1JLRVIxIiwiaWF0IjoxNzE2ODQzMzkyLCJleHAiOjE3MTY5MjA5OTksImp0aSI6IjEifQ.XvZlVX2mz1n1EZs6NL7MCuBbRltRB9p8CUthMvM_xvw
-[2m2024-05-28 02:26:35.630[0;39m [32m-DEBUG[0;39m [35m17913[0;39m [2m---[0;39m [2m[nio-9090-exec-7][0;39m [36mo.s.security.web.FilterChainProxy       [0;39m [2m:[0;39m Secured GET /worker/getprescriptions
-[2m2024-05-28 02:28:03.223[0;39m [32m-DEBUG[0;39m [35m17913[0;39m [2m---[0;39m [2m[nio-9090-exec-9][0;39m [36mo.s.security.web.FilterChainProxy       [0;39m [2m:[0;39m Securing POST /auth/login
-[2m2024-05-28 02:28:03.224[0;39m [32m- INFO[0;39m [35m17913[0;39m [2m---[0;39m [2m[nio-9090-exec-9][0;39m [36mo.s.web.filter.OncePerRequestFilter     [0;39m [2m:[0;39m  Header :  null
-[2m2024-05-28 02:28:03.224[0;39m [32m- INFO[0;39m [35m17913[0;39m [2m---[0;39m [2m[nio-9090-exec-9][0;39m [36mo.s.web.filter.OncePerRequestFilter     [0;39m [2m:[0;39m Invalid Header Value !! 
-[2m2024-05-28 02:28:03.225[0;39m [32m-DEBUG[0;39m [35m17913[0;39m [2m---[0;39m [2m[nio-9090-exec-9][0;39m [36mo.s.s.w.a.AnonymousAuthenticationFilter [0;39m [2m:[0;39m Set SecurityContextHolder to anonymous SecurityContext
-[2m2024-05-28 02:28:03.225[0;39m [32m-DEBUG[0;39m [35m17913[0;39m [2m---[0;39m [2m[nio-9090-exec-9][0;39m [36mo.s.security.web.FilterChainProxy       [0;39m [2m:[0;39m Secured POST /auth/login
-[2m2024-05-28 02:28:03.358[0;39m [32m-DEBUG[0;39m [35m17913[0;39m [2m---[0;39m [2m[nio-9090-exec-9][0;39m [36mo.s.s.a.dao.DaoAuthenticationProvider   [0;39m [2m:[0;39m Authenticated user
-[2m2024-05-28 02:28:03.887[0;39m [32m-DEBUG[0;39m [35m17913[0;39m [2m---[0;39m [2m[nio-9090-exec-5][0;39m [36mo.s.security.web.FilterChainProxy       [0;39m [2m:[0;39m Securing GET /passwordstatus/?username=WORKER1
-[2m2024-05-28 02:28:03.887[0;39m [32m-DEBUG[0;39m [35m17913[0;39m [2m---[0;39m [2m[nio-9090-exec-7][0;39m [36mo.s.security.web.FilterChainProxy       [0;39m [2m:[0;39m Securing GET /worker/getquestionarrie
-[2m2024-05-28 02:28:03.888[0;39m [32m- INFO[0;39m [35m17913[0;39m [2m---[0;39m [2m[nio-9090-exec-5][0;39m [36mo.s.web.filter.OncePerRequestFilter     [0;39m [2m:[0;39m  Header :  Bearer eyJhbGciOiJIUzI1NiJ9.eyJzdWIiOiJXT1JLRVIxIiwiaWF0IjoxNzE2ODQzNDgzLCJleHAiOjE3MTY5MjA5OTksImp0aSI6IjEifQ.gccqWJyeRDR2UMgnizuOUVJi69xdkoMnhxrxd290b2Y
-[2m2024-05-28 02:28:03.888[0;39m [32m- INFO[0;39m [35m17913[0;39m [2m---[0;39m [2m[nio-9090-exec-7][0;39m [36mo.s.web.filter.OncePerRequestFilter     [0;39m [2m:[0;39m  Header :  Bearer eyJhbGciOiJIUzI1NiJ9.eyJzdWIiOiJXT1JLRVIxIiwiaWF0IjoxNzE2ODQzNDgzLCJleHAiOjE3MTY5MjA5OTksImp0aSI6IjEifQ.gccqWJyeRDR2UMgnizuOUVJi69xdkoMnhxrxd290b2Y
-[2m2024-05-28 02:28:03.905[0;39m [32m-DEBUG[0;39m [35m17913[0;39m [2m---[0;39m [2m[nio-9090-exec-5][0;39m [36mo.s.security.web.FilterChainProxy       [0;39m [2m:[0;39m Secured GET /passwordstatus/?username=WORKER1
-[2m2024-05-28 02:28:03.905[0;39m [32m-DEBUG[0;39m [35m17913[0;39m [2m---[0;39m [2m[nio-9090-exec-7][0;39m [36mo.s.security.web.FilterChainProxy       [0;39m [2m:[0;39m Secured GET /worker/getquestionarrie
-[2m2024-05-28 02:28:03.907[0;39m [32m-DEBUG[0;39m [35m17913[0;39m [2m---[0;39m [2m[nio-9090-exec-5][0;39m [36mhorizationManagerBeforeMethodInterceptor[0;39m [2m:[0;39m Authorizing method invocation ReflectiveMethodInvocation: public java.lang.Boolean com.team9.manosarthi_backend.Controllers.ChangePassController.getpassstatus(java.lang.String); target is of class [com.team9.manosarthi_backend.Controllers.ChangePassController]
-[2m2024-05-28 02:28:03.909[0;39m [32m-DEBUG[0;39m [35m17913[0;39m [2m---[0;39m [2m[nio-9090-exec-5][0;39m [36mhorizationManagerBeforeMethodInterceptor[0;39m [2m:[0;39m Authorized method invocation ReflectiveMethodInvocation: public java.lang.Boolean com.team9.manosarthi_backend.Controllers.ChangePassController.getpassstatus(java.lang.String); target is of class [com.team9.manosarthi_backend.Controllers.ChangePassController]
-[2m2024-05-28 02:28:04.484[0;39m [32m-DEBUG[0;39m [35m17913[0;39m [2m---[0;39m [2m[io-9090-exec-10][0;39m [36mo.s.security.web.FilterChainProxy       [0;39m [2m:[0;39m Securing GET /worker/get-medical-questionarrie
-[2m2024-05-28 02:28:04.485[0;39m [32m- INFO[0;39m [35m17913[0;39m [2m---[0;39m [2m[io-9090-exec-10][0;39m [36mo.s.web.filter.OncePerRequestFilter     [0;39m [2m:[0;39m  Header :  Bearer eyJhbGciOiJIUzI1NiJ9.eyJzdWIiOiJXT1JLRVIxIiwiaWF0IjoxNzE2ODQzNDgzLCJleHAiOjE3MTY5MjA5OTksImp0aSI6IjEifQ.gccqWJyeRDR2UMgnizuOUVJi69xdkoMnhxrxd290b2Y
-[2m2024-05-28 02:28:04.503[0;39m [32m-DEBUG[0;39m [35m17913[0;39m [2m---[0;39m [2m[io-9090-exec-10][0;39m [36mo.s.security.web.FilterChainProxy       [0;39m [2m:[0;39m Secured GET /worker/get-medical-questionarrie
-[2m2024-05-28 02:28:05.619[0;39m [32m-DEBUG[0;39m [35m17913[0;39m [2m---[0;39m [2m[nio-9090-exec-8][0;39m [36mo.s.security.web.FilterChainProxy       [0;39m [2m:[0;39m Securing GET /worker/getAbhaid
-[2m2024-05-28 02:28:05.620[0;39m [32m- INFO[0;39m [35m17913[0;39m [2m---[0;39m [2m[nio-9090-exec-8][0;39m [36mo.s.web.filter.OncePerRequestFilter     [0;39m [2m:[0;39m  Header :  Bearer eyJhbGciOiJIUzI1NiJ9.eyJzdWIiOiJXT1JLRVIxIiwiaWF0IjoxNzE2ODQzNDgzLCJleHAiOjE3MTY5MjA5OTksImp0aSI6IjEifQ.gccqWJyeRDR2UMgnizuOUVJi69xdkoMnhxrxd290b2Y
-[2m2024-05-28 02:28:05.634[0;39m [32m-DEBUG[0;39m [35m17913[0;39m [2m---[0;39m [2m[nio-9090-exec-8][0;39m [36mo.s.security.web.FilterChainProxy       [0;39m [2m:[0;39m Secured GET /worker/getAbhaid
-[2m2024-05-28 02:28:08.891[0;39m [32m-DEBUG[0;39m [35m17913[0;39m [2m---[0;39m [2m[nio-9090-exec-1][0;39m [36mo.s.security.web.FilterChainProxy       [0;39m [2m:[0;39m Securing GET /worker/getFollowupSchedule
-[2m2024-05-28 02:28:08.891[0;39m [32m- INFO[0;39m [35m17913[0;39m [2m---[0;39m [2m[nio-9090-exec-1][0;39m [36mo.s.web.filter.OncePerRequestFilter     [0;39m [2m:[0;39m  Header :  Bearer eyJhbGciOiJIUzI1NiJ9.eyJzdWIiOiJXT1JLRVIxIiwiaWF0IjoxNzE2ODQzNDgzLCJleHAiOjE3MTY5MjA5OTksImp0aSI6IjEifQ.gccqWJyeRDR2UMgnizuOUVJi69xdkoMnhxrxd290b2Y
-[2m2024-05-28 02:28:08.901[0;39m [32m-DEBUG[0;39m [35m17913[0;39m [2m---[0;39m [2m[nio-9090-exec-1][0;39m [36mo.s.security.web.FilterChainProxy       [0;39m [2m:[0;39m Secured GET /worker/getFollowupSchedule
-[2m2024-05-28 02:28:09.214[0;39m [32m-DEBUG[0;39m [35m17913[0;39m [2m---[0;39m [2m[nio-9090-exec-4][0;39m [36mo.s.security.web.FilterChainProxy       [0;39m [2m:[0;39m Securing GET /worker/getprescriptions
-[2m2024-05-28 02:28:09.214[0;39m [32m- INFO[0;39m [35m17913[0;39m [2m---[0;39m [2m[nio-9090-exec-4][0;39m [36mo.s.web.filter.OncePerRequestFilter     [0;39m [2m:[0;39m  Header :  Bearer eyJhbGciOiJIUzI1NiJ9.eyJzdWIiOiJXT1JLRVIxIiwiaWF0IjoxNzE2ODQzNDgzLCJleHAiOjE3MTY5MjA5OTksImp0aSI6IjEifQ.gccqWJyeRDR2UMgnizuOUVJi69xdkoMnhxrxd290b2Y
-[2m2024-05-28 02:28:09.249[0;39m [32m-DEBUG[0;39m [35m17913[0;39m [2m---[0;39m [2m[nio-9090-exec-4][0;39m [36mo.s.security.web.FilterChainProxy       [0;39m [2m:[0;39m Secured GET /worker/getprescriptions
-[2m2024-05-28 02:29:01.520[0;39m [32m- INFO[0;39m [35m17913[0;39m [2m---[0;39m [2m[   File Watcher][0;39m [36mrtingClassPathChangeChangedEventListener[0;39m [2m:[0;39m Restarting due to 3 class path changes (0 additions, 3 deletions, 0 modifications)
-[2m2024-05-28 02:29:01.543[0;39m [32m- INFO[0;39m [35m17913[0;39m [2m---[0;39m [2m[       Thread-5][0;39m [36mj.LocalContainerEntityManagerFactoryBean[0;39m [2m:[0;39m Closing JPA EntityManagerFactory for persistence unit 'default'
-[2m2024-05-28 02:29:01.549[0;39m [32m- INFO[0;39m [35m17913[0;39m [2m---[0;39m [2m[       Thread-5][0;39m [36mcom.zaxxer.hikari.HikariDataSource      [0;39m [2m:[0;39m HikariPool-1 - Shutdown initiated...
-[2m2024-05-28 02:29:01.559[0;39m [32m- INFO[0;39m [35m17913[0;39m [2m---[0;39m [2m[       Thread-5][0;39m [36mcom.zaxxer.hikari.HikariDataSource      [0;39m [2m:[0;39m HikariPool-1 - Shutdown completed.
-[2m2024-05-28 02:29:01.875[0;39m [32m- INFO[0;39m [35m17913[0;39m [2m---[0;39m [2m[  restartedMain][0;39m [36mc.t.m.ManosarthiBackendApplication      [0;39m [2m:[0;39m Starting ManosarthiBackendApplication using Java 21.0.1 with PID 17913 (/home/manasi/Documents/GitHub/ManoSarthi/backend/target/classes started by manasi in /home/manasi/Documents/GitHub/ManoSarthi/backend)
-[2m2024-05-28 02:29:01.876[0;39m [32m- INFO[0;39m [35m17913[0;39m [2m---[0;39m [2m[  restartedMain][0;39m [36mc.t.m.ManosarthiBackendApplication      [0;39m [2m:[0;39m No active profile set, falling back to 1 default profile: "default"
-[2m2024-05-28 02:29:02.759[0;39m [32m- INFO[0;39m [35m17913[0;39m [2m---[0;39m [2m[  restartedMain][0;39m [36m.s.d.r.c.RepositoryConfigurationDelegate[0;39m [2m:[0;39m Bootstrapping Spring Data JPA repositories in DEFAULT mode.
-[2m2024-05-28 02:29:02.834[0;39m [32m- INFO[0;39m [35m17913[0;39m [2m---[0;39m [2m[  restartedMain][0;39m [36m.s.d.r.c.RepositoryConfigurationDelegate[0;39m [2m:[0;39m Finished Spring Data repository scanning in 73 ms. Found 19 JPA repository interfaces.
-[2m2024-05-28 02:29:03.143[0;39m [32m- INFO[0;39m [35m17913[0;39m [2m---[0;39m [2m[  restartedMain][0;39m [36mptablePropertiesBeanFactoryPostProcessor[0;39m [2m:[0;39m Post-processing PropertySource instances
-[2m2024-05-28 02:29:03.144[0;39m [32m- INFO[0;39m [35m17913[0;39m [2m---[0;39m [2m[  restartedMain][0;39m [36mc.u.j.EncryptablePropertySourceConverter[0;39m [2m:[0;39m Skipping PropertySource configurationProperties [class org.springframework.boot.context.properties.source.ConfigurationPropertySourcesPropertySource
-[2m2024-05-28 02:29:03.144[0;39m [32m- INFO[0;39m [35m17913[0;39m [2m---[0;39m [2m[  restartedMain][0;39m [36mc.u.j.EncryptablePropertySourceConverter[0;39m [2m:[0;39m Skipping PropertySource servletConfigInitParams [class org.springframework.core.env.PropertySource$StubPropertySource
-[2m2024-05-28 02:29:03.144[0;39m [32m- INFO[0;39m [35m17913[0;39m [2m---[0;39m [2m[  restartedMain][0;39m [36mc.u.j.EncryptablePropertySourceConverter[0;39m [2m:[0;39m Skipping PropertySource servletContextInitParams [class org.springframework.core.env.PropertySource$StubPropertySource
-[2m2024-05-28 02:29:03.144[0;39m [32m- INFO[0;39m [35m17913[0;39m [2m---[0;39m [2m[  restartedMain][0;39m [36mc.u.j.EncryptablePropertySourceConverter[0;39m [2m:[0;39m Converting PropertySource systemProperties [org.springframework.core.env.PropertiesPropertySource] to EncryptableMapPropertySourceWrapper
-[2m2024-05-28 02:29:03.144[0;39m [32m- INFO[0;39m [35m17913[0;39m [2m---[0;39m [2m[  restartedMain][0;39m [36mc.u.j.EncryptablePropertySourceConverter[0;39m [2m:[0;39m Converting PropertySource systemEnvironment [org.springframework.boot.env.SystemEnvironmentPropertySourceEnvironmentPostProcessor$OriginAwareSystemEnvironmentPropertySource] to EncryptableSystemEnvironmentPropertySourceWrapper
-[2m2024-05-28 02:29:03.144[0;39m [32m- INFO[0;39m [35m17913[0;39m [2m---[0;39m [2m[  restartedMain][0;39m [36mc.u.j.EncryptablePropertySourceConverter[0;39m [2m:[0;39m Converting PropertySource random [org.springframework.boot.env.RandomValuePropertySource] to EncryptablePropertySourceWrapper
-[2m2024-05-28 02:29:03.144[0;39m [32m- INFO[0;39m [35m17913[0;39m [2m---[0;39m [2m[  restartedMain][0;39m [36mc.u.j.EncryptablePropertySourceConverter[0;39m [2m:[0;39m Converting PropertySource Config resource 'class path resource [application.properties]' via location 'optional:classpath:/' [org.springframework.boot.env.OriginTrackedMapPropertySource] to EncryptableMapPropertySourceWrapper
-[2m2024-05-28 02:29:03.144[0;39m [32m- INFO[0;39m [35m17913[0;39m [2m---[0;39m [2m[  restartedMain][0;39m [36mc.u.j.EncryptablePropertySourceConverter[0;39m [2m:[0;39m Converting PropertySource devtools [org.springframework.core.env.MapPropertySource] to EncryptableMapPropertySourceWrapper
-[2m2024-05-28 02:29:03.244[0;39m [32m- INFO[0;39m [35m17913[0;39m [2m---[0;39m [2m[  restartedMain][0;39m [36mc.u.j.filter.DefaultLazyPropertyFilter  [0;39m [2m:[0;39m Property Filter custom Bean not found with name 'encryptablePropertyFilter'. Initializing Default Property Filter
-[2m2024-05-28 02:29:03.255[0;39m [32m- INFO[0;39m [35m17913[0;39m [2m---[0;39m [2m[  restartedMain][0;39m [36mc.u.j.r.DefaultLazyPropertyResolver     [0;39m [2m:[0;39m Property Resolver custom Bean not found with name 'encryptablePropertyResolver'. Initializing Default Property Resolver
-[2m2024-05-28 02:29:03.255[0;39m [32m- INFO[0;39m [35m17913[0;39m [2m---[0;39m [2m[  restartedMain][0;39m [36mc.u.j.d.DefaultLazyPropertyDetector     [0;39m [2m:[0;39m Property Detector custom Bean not found with name 'encryptablePropertyDetector'. Initializing Default Property Detector
-[2m2024-05-28 02:29:03.423[0;39m [32m- INFO[0;39m [35m17913[0;39m [2m---[0;39m [2m[  restartedMain][0;39m [36mo.s.b.w.embedded.tomcat.TomcatWebServer [0;39m [2m:[0;39m Tomcat initialized with port 9090 (http)
-[2m2024-05-28 02:29:03.427[0;39m [32m- INFO[0;39m [35m17913[0;39m [2m---[0;39m [2m[  restartedMain][0;39m [36mo.apache.catalina.core.StandardService  [0;39m [2m:[0;39m Starting service [Tomcat]
-[2m2024-05-28 02:29:03.428[0;39m [32m- INFO[0;39m [35m17913[0;39m [2m---[0;39m [2m[  restartedMain][0;39m [36mo.apache.catalina.core.StandardEngine   [0;39m [2m:[0;39m Starting Servlet engine: [Apache Tomcat/10.1.18]
-[2m2024-05-28 02:29:03.450[0;39m [32m- INFO[0;39m [35m17913[0;39m [2m---[0;39m [2m[  restartedMain][0;39m [36mo.a.c.c.C.[Tomcat].[localhost].[/]      [0;39m [2m:[0;39m Initializing Spring embedded WebApplicationContext
-[2m2024-05-28 02:29:03.450[0;39m [32m- INFO[0;39m [35m17913[0;39m [2m---[0;39m [2m[  restartedMain][0;39m [36mw.s.c.ServletWebServerApplicationContext[0;39m [2m:[0;39m Root WebApplicationContext: initialization completed in 1570 ms
-[2m2024-05-28 02:29:03.640[0;39m [32m- INFO[0;39m [35m17913[0;39m [2m---[0;39m [2m[  restartedMain][0;39m [36mo.hibernate.jpa.internal.util.LogHelper [0;39m [2m:[0;39m HHH000204: Processing PersistenceUnitInfo [name: default]
-[2m2024-05-28 02:29:03.646[0;39m [32m- INFO[0;39m [35m17913[0;39m [2m---[0;39m [2m[  restartedMain][0;39m [36mo.h.c.internal.RegionFactoryInitiator   [0;39m [2m:[0;39m HHH000026: Second-level cache disabled
-[2m2024-05-28 02:29:03.656[0;39m [32m- INFO[0;39m [35m17913[0;39m [2m---[0;39m [2m[  restartedMain][0;39m [36mo.s.o.j.p.SpringPersistenceUnitInfo     [0;39m [2m:[0;39m No LoadTimeWeaver setup: ignoring JPA class transformer
-[2m2024-05-28 02:29:03.659[0;39m [32m- INFO[0;39m [35m17913[0;39m [2m---[0;39m [2m[  restartedMain][0;39m [36mcom.zaxxer.hikari.HikariDataSource      [0;39m [2m:[0;39m HikariPool-2 - Starting...
-[2m2024-05-28 02:29:03.771[0;39m [32m- INFO[0;39m [35m17913[0;39m [2m---[0;39m [2m[  restartedMain][0;39m [36mcom.zaxxer.hikari.pool.HikariPool       [0;39m [2m:[0;39m HikariPool-2 - Added connection com.mysql.cj.jdbc.ConnectionImpl@28db8b58
-[2m2024-05-28 02:29:03.772[0;39m [32m- INFO[0;39m [35m17913[0;39m [2m---[0;39m [2m[  restartedMain][0;39m [36mcom.zaxxer.hikari.HikariDataSource      [0;39m [2m:[0;39m HikariPool-2 - Start completed.
-[2m2024-05-28 02:29:03.773[0;39m [33m- WARN[0;39m [35m17913[0;39m [2m---[0;39m [2m[  restartedMain][0;39m [36morg.hibernate.orm.deprecation           [0;39m [2m:[0;39m HHH90000025: MySQL8Dialect does not need to be specified explicitly using 'hibernate.dialect' (remove the property setting and it will be selected by default)
-[2m2024-05-28 02:29:03.774[0;39m [33m- WARN[0;39m [35m17913[0;39m [2m---[0;39m [2m[  restartedMain][0;39m [36morg.hibernate.orm.deprecation           [0;39m [2m:[0;39m HHH90000026: MySQL8Dialect has been deprecated; use org.hibernate.dialect.MySQLDialect instead
-[2m2024-05-28 02:29:04.920[0;39m [32m- INFO[0;39m [35m17913[0;39m [2m---[0;39m [2m[  restartedMain][0;39m [36mo.h.e.t.j.p.i.JtaPlatformInitiator      [0;39m [2m:[0;39m HHH000489: No JTA platform available (set 'hibernate.transaction.jta.platform' to enable JTA platform integration)
-[2m2024-05-28 02:29:05.230[0;39m [32m- INFO[0;39m [35m17913[0;39m [2m---[0;39m [2m[  restartedMain][0;39m [36mj.LocalContainerEntityManagerFactoryBean[0;39m [2m:[0;39m Initialized JPA EntityManagerFactory for persistence unit 'default'
-[2m2024-05-28 02:29:06.176[0;39m [33m- WARN[0;39m [35m17913[0;39m [2m---[0;39m [2m[  restartedMain][0;39m [36mConfigServletWebServerApplicationContext[0;39m [2m:[0;39m Exception encountered during context initialization - cancelling refresh attempt: org.springframework.beans.factory.UnsatisfiedDependencyException: Error creating bean with name 'adminController' defined in file [/home/manasi/Documents/GitHub/ManoSarthi/backend/target/classes/com/team9/manosarthi_backend/Controllers/AdminController.class]: Unsatisfied dependency expressed through constructor parameter 0: Error creating bean with name 'adminServiceImpl' defined in file [/home/manasi/Documents/GitHub/ManoSarthi/backend/target/classes/com/team9/manosarthi_backend/ServicesImpl/AdminServiceImpl.class]: Unsatisfied dependency expressed through constructor parameter 8: No qualifying bean of type 'com.team9.manosarthi_backend.Repositories.PrescriptionRepository' available: expected at least 1 bean which qualifies as autowire candidate. Dependency annotations: {}
-[2m2024-05-28 02:29:06.177[0;39m [32m- INFO[0;39m [35m17913[0;39m [2m---[0;39m [2m[  restartedMain][0;39m [36mj.LocalContainerEntityManagerFactoryBean[0;39m [2m:[0;39m Closing JPA EntityManagerFactory for persistence unit 'default'
-[2m2024-05-28 02:29:06.178[0;39m [32m- INFO[0;39m [35m17913[0;39m [2m---[0;39m [2m[  restartedMain][0;39m [36mcom.zaxxer.hikari.HikariDataSource      [0;39m [2m:[0;39m HikariPool-2 - Shutdown initiated...
-[2m2024-05-28 02:29:06.187[0;39m [32m- INFO[0;39m [35m17913[0;39m [2m---[0;39m [2m[  restartedMain][0;39m [36mcom.zaxxer.hikari.HikariDataSource      [0;39m [2m:[0;39m HikariPool-2 - Shutdown completed.
-[2m2024-05-28 02:29:06.188[0;39m [32m- INFO[0;39m [35m17913[0;39m [2m---[0;39m [2m[  restartedMain][0;39m [36mo.apache.catalina.core.StandardService  [0;39m [2m:[0;39m Stopping service [Tomcat]
-[2m2024-05-28 02:29:06.201[0;39m [32m- INFO[0;39m [35m17913[0;39m [2m---[0;39m [2m[  restartedMain][0;39m [36m.s.b.a.l.ConditionEvaluationReportLogger[0;39m [2m:[0;39m 

Error starting ApplicationContext. To display the condition evaluation report re-run your application with 'debug' enabled.
-[2m2024-05-28 02:29:06.376[0;39m [31m-ERROR[0;39m [35m17913[0;39m [2m---[0;39m [2m[  restartedMain][0;39m [36mo.s.b.d.LoggingFailureAnalysisReporter  [0;39m [2m:[0;39m 

***************************
APPLICATION FAILED TO START
***************************

Description:

Parameter 8 of constructor in com.team9.manosarthi_backend.ServicesImpl.AdminServiceImpl required a bean of type 'com.team9.manosarthi_backend.Repositories.PrescriptionRepository' that could not be found.


Action:

Consider defining a bean of type 'com.team9.manosarthi_backend.Repositories.PrescriptionRepository' in your configuration.

-[2m2024-05-28 02:29:07.869[0;39m [32m- INFO[0;39m [35m17913[0;39m [2m---[0;39m [2m[  restartedMain][0;39m [36mc.t.m.ManosarthiBackendApplication      [0;39m [2m:[0;39m Starting ManosarthiBackendApplication using Java 21.0.1 with PID 17913 (/home/manasi/Documents/GitHub/ManoSarthi/backend/target/classes started by manasi in /home/manasi/Documents/GitHub/ManoSarthi/backend)
-[2m2024-05-28 02:29:07.869[0;39m [32m- INFO[0;39m [35m17913[0;39m [2m---[0;39m [2m[  restartedMain][0;39m [36mc.t.m.ManosarthiBackendApplication      [0;39m [2m:[0;39m No active profile set, falling back to 1 default profile: "default"
-[2m2024-05-28 02:29:08.108[0;39m [32m- INFO[0;39m [35m17913[0;39m [2m---[0;39m [2m[  restartedMain][0;39m [36m.s.d.r.c.RepositoryConfigurationDelegate[0;39m [2m:[0;39m Bootstrapping Spring Data JPA repositories in DEFAULT mode.
-[2m2024-05-28 02:29:08.144[0;39m [32m- INFO[0;39m [35m17913[0;39m [2m---[0;39m [2m[  restartedMain][0;39m [36m.s.d.r.c.RepositoryConfigurationDelegate[0;39m [2m:[0;39m Finished Spring Data repository scanning in 36 ms. Found 20 JPA repository interfaces.
-[2m2024-05-28 02:29:08.246[0;39m [32m- INFO[0;39m [35m17913[0;39m [2m---[0;39m [2m[  restartedMain][0;39m [36mptablePropertiesBeanFactoryPostProcessor[0;39m [2m:[0;39m Post-processing PropertySource instances
-[2m2024-05-28 02:29:08.246[0;39m [32m- INFO[0;39m [35m17913[0;39m [2m---[0;39m [2m[  restartedMain][0;39m [36mc.u.j.EncryptablePropertySourceConverter[0;39m [2m:[0;39m Skipping PropertySource configurationProperties [class org.springframework.boot.context.properties.source.ConfigurationPropertySourcesPropertySource
-[2m2024-05-28 02:29:08.246[0;39m [32m- INFO[0;39m [35m17913[0;39m [2m---[0;39m [2m[  restartedMain][0;39m [36mc.u.j.EncryptablePropertySourceConverter[0;39m [2m:[0;39m Skipping PropertySource servletConfigInitParams [class org.springframework.core.env.PropertySource$StubPropertySource
-[2m2024-05-28 02:29:08.246[0;39m [32m- INFO[0;39m [35m17913[0;39m [2m---[0;39m [2m[  restartedMain][0;39m [36mc.u.j.EncryptablePropertySourceConverter[0;39m [2m:[0;39m Skipping PropertySource servletContextInitParams [class org.springframework.core.env.PropertySource$StubPropertySource
-[2m2024-05-28 02:29:08.246[0;39m [32m- INFO[0;39m [35m17913[0;39m [2m---[0;39m [2m[  restartedMain][0;39m [36mc.u.j.EncryptablePropertySourceConverter[0;39m [2m:[0;39m Converting PropertySource systemProperties [org.springframework.core.env.PropertiesPropertySource] to EncryptableMapPropertySourceWrapper
-[2m2024-05-28 02:29:08.246[0;39m [32m- INFO[0;39m [35m17913[0;39m [2m---[0;39m [2m[  restartedMain][0;39m [36mc.u.j.EncryptablePropertySourceConverter[0;39m [2m:[0;39m Converting PropertySource systemEnvironment [org.springframework.boot.env.SystemEnvironmentPropertySourceEnvironmentPostProcessor$OriginAwareSystemEnvironmentPropertySource] to EncryptableSystemEnvironmentPropertySourceWrapper
-[2m2024-05-28 02:29:08.246[0;39m [32m- INFO[0;39m [35m17913[0;39m [2m---[0;39m [2m[  restartedMain][0;39m [36mc.u.j.EncryptablePropertySourceConverter[0;39m [2m:[0;39m Converting PropertySource random [org.springframework.boot.env.RandomValuePropertySource] to EncryptablePropertySourceWrapper
-[2m2024-05-28 02:29:08.246[0;39m [32m- INFO[0;39m [35m17913[0;39m [2m---[0;39m [2m[  restartedMain][0;39m [36mc.u.j.EncryptablePropertySourceConverter[0;39m [2m:[0;39m Converting PropertySource Config resource 'class path resource [application.properties]' via location 'optional:classpath:/' [org.springframework.boot.env.OriginTrackedMapPropertySource] to EncryptableMapPropertySourceWrapper
-[2m2024-05-28 02:29:08.246[0;39m [32m- INFO[0;39m [35m17913[0;39m [2m---[0;39m [2m[  restartedMain][0;39m [36mc.u.j.EncryptablePropertySourceConverter[0;39m [2m:[0;39m Converting PropertySource devtools [org.springframework.core.env.MapPropertySource] to EncryptableMapPropertySourceWrapper
-[2m2024-05-28 02:29:08.288[0;39m [32m- INFO[0;39m [35m17913[0;39m [2m---[0;39m [2m[  restartedMain][0;39m [36mc.u.j.filter.DefaultLazyPropertyFilter  [0;39m [2m:[0;39m Property Filter custom Bean not found with name 'encryptablePropertyFilter'. Initializing Default Property Filter
-[2m2024-05-28 02:29:08.292[0;39m [32m- INFO[0;39m [35m17913[0;39m [2m---[0;39m [2m[  restartedMain][0;39m [36mc.u.j.r.DefaultLazyPropertyResolver     [0;39m [2m:[0;39m Property Resolver custom Bean not found with name 'encryptablePropertyResolver'. Initializing Default Property Resolver
-[2m2024-05-28 02:29:08.292[0;39m [32m- INFO[0;39m [35m17913[0;39m [2m---[0;39m [2m[  restartedMain][0;39m [36mc.u.j.d.DefaultLazyPropertyDetector     [0;39m [2m:[0;39m Property Detector custom Bean not found with name 'encryptablePropertyDetector'. Initializing Default Property Detector
-[2m2024-05-28 02:29:08.357[0;39m [32m- INFO[0;39m [35m17913[0;39m [2m---[0;39m [2m[  restartedMain][0;39m [36mo.s.b.w.embedded.tomcat.TomcatWebServer [0;39m [2m:[0;39m Tomcat initialized with port 9090 (http)
-[2m2024-05-28 02:29:08.369[0;39m [32m- INFO[0;39m [35m17913[0;39m [2m---[0;39m [2m[  restartedMain][0;39m [36mo.apache.catalina.core.StandardService  [0;39m [2m:[0;39m Starting service [Tomcat]
-[2m2024-05-28 02:29:08.369[0;39m [32m- INFO[0;39m [35m17913[0;39m [2m---[0;39m [2m[  restartedMain][0;39m [36mo.apache.catalina.core.StandardEngine   [0;39m [2m:[0;39m Starting Servlet engine: [Apache Tomcat/10.1.18]
-[2m2024-05-28 02:29:08.379[0;39m [32m- INFO[0;39m [35m17913[0;39m [2m---[0;39m [2m[  restartedMain][0;39m [36mo.a.c.c.C.[Tomcat-1].[localhost].[/]    [0;39m [2m:[0;39m Initializing Spring embedded WebApplicationContext
-[2m2024-05-28 02:29:08.379[0;39m [32m- INFO[0;39m [35m17913[0;39m [2m---[0;39m [2m[  restartedMain][0;39m [36mw.s.c.ServletWebServerApplicationContext[0;39m [2m:[0;39m Root WebApplicationContext: initialization completed in 508 ms
-[2m2024-05-28 02:29:08.444[0;39m [32m- INFO[0;39m [35m17913[0;39m [2m---[0;39m [2m[  restartedMain][0;39m [36mo.hibernate.jpa.internal.util.LogHelper [0;39m [2m:[0;39m HHH000204: Processing PersistenceUnitInfo [name: default]
-[2m2024-05-28 02:29:08.446[0;39m [32m- INFO[0;39m [35m17913[0;39m [2m---[0;39m [2m[  restartedMain][0;39m [36mo.h.c.internal.RegionFactoryInitiator   [0;39m [2m:[0;39m HHH000026: Second-level cache disabled
-[2m2024-05-28 02:29:08.449[0;39m [32m- INFO[0;39m [35m17913[0;39m [2m---[0;39m [2m[  restartedMain][0;39m [36mo.s.o.j.p.SpringPersistenceUnitInfo     [0;39m [2m:[0;39m No LoadTimeWeaver setup: ignoring JPA class transformer
-[2m2024-05-28 02:29:08.450[0;39m [32m- INFO[0;39m [35m17913[0;39m [2m---[0;39m [2m[  restartedMain][0;39m [36mcom.zaxxer.hikari.HikariDataSource      [0;39m [2m:[0;39m HikariPool-3 - Starting...
-[2m2024-05-28 02:29:08.465[0;39m [32m- INFO[0;39m [35m17913[0;39m [2m---[0;39m [2m[  restartedMain][0;39m [36mcom.zaxxer.hikari.pool.HikariPool       [0;39m [2m:[0;39m HikariPool-3 - Added connection com.mysql.cj.jdbc.ConnectionImpl@38431a6f
-[2m2024-05-28 02:29:08.465[0;39m [32m- INFO[0;39m [35m17913[0;39m [2m---[0;39m [2m[  restartedMain][0;39m [36mcom.zaxxer.hikari.HikariDataSource      [0;39m [2m:[0;39m HikariPool-3 - Start completed.
-[2m2024-05-28 02:29:08.466[0;39m [33m- WARN[0;39m [35m17913[0;39m [2m---[0;39m [2m[  restartedMain][0;39m [36morg.hibernate.orm.deprecation           [0;39m [2m:[0;39m HHH90000025: MySQL8Dialect does not need to be specified explicitly using 'hibernate.dialect' (remove the property setting and it will be selected by default)
-[2m2024-05-28 02:29:08.466[0;39m [33m- WARN[0;39m [35m17913[0;39m [2m---[0;39m [2m[  restartedMain][0;39m [36morg.hibernate.orm.deprecation           [0;39m [2m:[0;39m HHH90000026: MySQL8Dialect has been deprecated; use org.hibernate.dialect.MySQLDialect instead
-[2m2024-05-28 02:29:08.829[0;39m [32m- INFO[0;39m [35m17913[0;39m [2m---[0;39m [2m[  restartedMain][0;39m [36mo.h.e.t.j.p.i.JtaPlatformInitiator      [0;39m [2m:[0;39m HHH000489: No JTA platform available (set 'hibernate.transaction.jta.platform' to enable JTA platform integration)
-[2m2024-05-28 02:29:09.044[0;39m [32m- INFO[0;39m [35m17913[0;39m [2m---[0;39m [2m[  restartedMain][0;39m [36mj.LocalContainerEntityManagerFactoryBean[0;39m [2m:[0;39m Initialized JPA EntityManagerFactory for persistence unit 'default'
-[2m2024-05-28 02:29:09.952[0;39m [33m- WARN[0;39m [35m17913[0;39m [2m---[0;39m [2m[  restartedMain][0;39m [36mJpaBaseConfiguration$JpaWebConfiguration[0;39m [2m:[0;39m spring.jpa.open-in-view is enabled by default. Therefore, database queries may be performed during view rendering. Explicitly configure spring.jpa.open-in-view to disable this warning
-[2m2024-05-28 02:29:10.228[0;39m [32m- INFO[0;39m [35m17913[0;39m [2m---[0;39m [2m[  restartedMain][0;39m [36mo.s.s.web.DefaultSecurityFilterChain    [0;39m [2m:[0;39m Will secure any request with [org.springframework.security.web.session.DisableEncodeUrlFilter@4702c4df, org.springframework.security.web.context.request.async.WebAsyncManagerIntegrationFilter@360df9a3, org.springframework.security.web.context.SecurityContextHolderFilter@13e752bd, org.springframework.security.web.header.HeaderWriterFilter@7c25b1a4, org.springframework.web.filter.CorsFilter@605721e4, org.springframework.security.web.authentication.logout.LogoutFilter@28dbeacd, com.team9.manosarthi_backend.security.JwtAuthenticationFilter@339141ce, org.springframework.security.web.authentication.UsernamePasswordAuthenticationFilter@40b07fe8, org.springframework.security.web.authentication.www.BasicAuthenticationFilter@59a62c4, org.springframework.security.web.savedrequest.RequestCacheAwareFilter@6deb0f18, org.springframework.security.web.servletapi.SecurityContextHolderAwareRequestFilter@3c122b90, org.springframework.security.web.authentication.AnonymousAuthenticationFilter@23db5d39, org.springframework.security.web.session.SessionManagementFilter@3c26835f, org.springframework.security.web.access.ExceptionTranslationFilter@36990d74, org.springframework.security.web.access.intercept.AuthorizationFilter@726063c7]
-[2m2024-05-28 02:29:10.580[0;39m [33m- WARN[0;39m [35m17913[0;39m [2m---[0;39m [2m[  restartedMain][0;39m [36mion$DefaultTemplateResolverConfiguration[0;39m [2m:[0;39m Cannot find template location: classpath:/templates/ (please add some templates, check your Thymeleaf configuration, or set spring.thymeleaf.check-template-location=false)
-[2m2024-05-28 02:29:10.604[0;39m [32m- INFO[0;39m [35m17913[0;39m [2m---[0;39m [2m[  restartedMain][0;39m [36mo.s.b.d.a.OptionalLiveReloadServer      [0;39m [2m:[0;39m LiveReload server is running on port 35729
-[2m2024-05-28 02:29:10.640[0;39m [32m- INFO[0;39m [35m17913[0;39m [2m---[0;39m [2m[  restartedMain][0;39m [36mo.s.b.w.embedded.tomcat.TomcatWebServer [0;39m [2m:[0;39m Tomcat started on port 9090 (http) with context path ''
-[2m2024-05-28 02:29:10.641[0;39m [32m- INFO[0;39m [35m17913[0;39m [2m---[0;39m [2m[  restartedMain][0;39m [36mu.j.c.RefreshScopeRefreshedEventListener[0;39m [2m:[0;39m Refreshing cached encryptable property sources on ServletWebServerInitializedEvent
-[2m2024-05-28 02:29:10.641[0;39m [32m- INFO[0;39m [35m17913[0;39m [2m---[0;39m [2m[  restartedMain][0;39m [36mCachingDelegateEncryptablePropertySource[0;39m [2m:[0;39m Property Source systemProperties refreshed
-[2m2024-05-28 02:29:10.641[0;39m [32m- INFO[0;39m [35m17913[0;39m [2m---[0;39m [2m[  restartedMain][0;39m [36mCachingDelegateEncryptablePropertySource[0;39m [2m:[0;39m Property Source systemEnvironment refreshed
-[2m2024-05-28 02:29:10.641[0;39m [32m- INFO[0;39m [35m17913[0;39m [2m---[0;39m [2m[  restartedMain][0;39m [36mCachingDelegateEncryptablePropertySource[0;39m [2m:[0;39m Property Source random refreshed
-[2m2024-05-28 02:29:10.641[0;39m [32m- INFO[0;39m [35m17913[0;39m [2m---[0;39m [2m[  restartedMain][0;39m [36mCachingDelegateEncryptablePropertySource[0;39m [2m:[0;39m Property Source Config resource 'class path resource [application.properties]' via location 'optional:classpath:/' refreshed
-[2m2024-05-28 02:29:10.641[0;39m [32m- INFO[0;39m [35m17913[0;39m [2m---[0;39m [2m[  restartedMain][0;39m [36mCachingDelegateEncryptablePropertySource[0;39m [2m:[0;39m Property Source devtools refreshed
-[2m2024-05-28 02:29:10.641[0;39m [32m- INFO[0;39m [35m17913[0;39m [2m---[0;39m [2m[  restartedMain][0;39m [36mc.u.j.EncryptablePropertySourceConverter[0;39m [2m:[0;39m Skipping PropertySource configurationProperties [class org.springframework.boot.context.properties.source.ConfigurationPropertySourcesPropertySource
-[2m2024-05-28 02:29:10.641[0;39m [32m- INFO[0;39m [35m17913[0;39m [2m---[0;39m [2m[  restartedMain][0;39m [36mc.u.j.EncryptablePropertySourceConverter[0;39m [2m:[0;39m Skipping PropertySource servletConfigInitParams [class org.springframework.core.env.PropertySource$StubPropertySource
-[2m2024-05-28 02:29:10.641[0;39m [32m- INFO[0;39m [35m17913[0;39m [2m---[0;39m [2m[  restartedMain][0;39m [36mc.u.j.EncryptablePropertySourceConverter[0;39m [2m:[0;39m Converting PropertySource servletContextInitParams [org.springframework.web.context.support.ServletContextPropertySource] to EncryptableEnumerablePropertySourceWrapper
-[2m2024-05-28 02:29:10.649[0;39m [32m- INFO[0;39m [35m17913[0;39m [2m---[0;39m [2m[  restartedMain][0;39m [36mc.t.m.ManosarthiBackendApplication      [0;39m [2m:[0;39m Started ManosarthiBackendApplication in 2.845 seconds (process running for 1361.349)
-[2m2024-05-28 02:29:10.651[0;39m [32m- INFO[0;39m [35m17913[0;39m [2m---[0;39m [2m[  restartedMain][0;39m [36m.ConditionEvaluationDeltaLoggingListener[0;39m [2m:[0;39m Condition evaluation unchanged
-[2m2024-05-28 02:29:34.450[0;39m [32m- INFO[0;39m [35m17913[0;39m [2m---[0;39m [2m[nio-9090-exec-1][0;39m [36mo.a.c.c.C.[Tomcat-1].[localhost].[/]    [0;39m [2m:[0;39m Initializing Spring DispatcherServlet 'dispatcherServlet'
-[2m2024-05-28 02:29:34.450[0;39m [32m- INFO[0;39m [35m17913[0;39m [2m---[0;39m [2m[nio-9090-exec-1][0;39m [36mo.s.web.servlet.DispatcherServlet       [0;39m [2m:[0;39m Initializing Servlet 'dispatcherServlet'
-[2m2024-05-28 02:29:34.453[0;39m [32m- INFO[0;39m [35m17913[0;39m [2m---[0;39m [2m[nio-9090-exec-1][0;39m [36mo.s.web.servlet.DispatcherServlet       [0;39m [2m:[0;39m Completed initialization in 3 ms
-[2m2024-05-28 02:29:34.455[0;39m [32m-DEBUG[0;39m [35m17913[0;39m [2m---[0;39m [2m[nio-9090-exec-1][0;39m [36mo.s.security.web.FilterChainProxy       [0;39m [2m:[0;39m Securing POST /auth/login
-[2m2024-05-28 02:29:34.455[0;39m [32m- INFO[0;39m [35m17913[0;39m [2m---[0;39m [2m[nio-9090-exec-1][0;39m [36mo.s.web.filter.OncePerRequestFilter     [0;39m [2m:[0;39m  Header :  null
-[2m2024-05-28 02:29:34.456[0;39m [32m- INFO[0;39m [35m17913[0;39m [2m---[0;39m [2m[nio-9090-exec-1][0;39m [36mo.s.web.filter.OncePerRequestFilter     [0;39m [2m:[0;39m Invalid Header Value !! 
-[2m2024-05-28 02:29:34.456[0;39m [32m-DEBUG[0;39m [35m17913[0;39m [2m---[0;39m [2m[nio-9090-exec-1][0;39m [36mo.s.s.w.a.AnonymousAuthenticationFilter [0;39m [2m:[0;39m Set SecurityContextHolder to anonymous SecurityContext
-[2m2024-05-28 02:29:34.456[0;39m [32m-DEBUG[0;39m [35m17913[0;39m [2m---[0;39m [2m[nio-9090-exec-1][0;39m [36mo.s.security.web.FilterChainProxy       [0;39m [2m:[0;39m Secured POST /auth/login
-[2m2024-05-28 02:29:34.757[0;39m [32m-DEBUG[0;39m [35m17913[0;39m [2m---[0;39m [2m[nio-9090-exec-1][0;39m [36mo.s.s.a.dao.DaoAuthenticationProvider   [0;39m [2m:[0;39m Authenticated user
-[2m2024-05-28 02:29:35.338[0;39m [32m-DEBUG[0;39m [35m17913[0;39m [2m---[0;39m [2m[nio-9090-exec-3][0;39m [36mo.s.security.web.FilterChainProxy       [0;39m [2m:[0;39m Securing GET /worker/getquestionarrie
-[2m2024-05-28 02:29:35.341[0;39m [32m- INFO[0;39m [35m17913[0;39m [2m---[0;39m [2m[nio-9090-exec-3][0;39m [36mo.s.web.filter.OncePerRequestFilter     [0;39m [2m:[0;39m  Header :  Bearer eyJhbGciOiJIUzI1NiJ9.eyJzdWIiOiJXT1JLRVIxIiwiaWF0IjoxNzE2ODQzNTc0LCJleHAiOjE3MTY5MjA5OTksImp0aSI6IjEifQ.4D_YAFIjtwjT-wOyYlDHIArSOX7zoCA7PnsFJ_C2PJk
-[2m2024-05-28 02:29:35.338[0;39m [32m-DEBUG[0;39m [35m17913[0;39m [2m---[0;39m [2m[nio-9090-exec-2][0;39m [36mo.s.security.web.FilterChainProxy       [0;39m [2m:[0;39m Securing GET /passwordstatus/?username=WORKER1
-[2m2024-05-28 02:29:35.343[0;39m [32m- INFO[0;39m [35m17913[0;39m [2m---[0;39m [2m[nio-9090-exec-2][0;39m [36mo.s.web.filter.OncePerRequestFilter     [0;39m [2m:[0;39m  Header :  Bearer eyJhbGciOiJIUzI1NiJ9.eyJzdWIiOiJXT1JLRVIxIiwiaWF0IjoxNzE2ODQzNTc0LCJleHAiOjE3MTY5MjA5OTksImp0aSI6IjEifQ.4D_YAFIjtwjT-wOyYlDHIArSOX7zoCA7PnsFJ_C2PJk
-[2m2024-05-28 02:29:35.461[0;39m [32m-DEBUG[0;39m [35m17913[0;39m [2m---[0;39m [2m[nio-9090-exec-2][0;39m [36mo.s.security.web.FilterChainProxy       [0;39m [2m:[0;39m Secured GET /passwordstatus/?username=WORKER1
-[2m2024-05-28 02:29:35.461[0;39m [32m-DEBUG[0;39m [35m17913[0;39m [2m---[0;39m [2m[nio-9090-exec-3][0;39m [36mo.s.security.web.FilterChainProxy       [0;39m [2m:[0;39m Secured GET /worker/getquestionarrie
-[2m2024-05-28 02:29:35.466[0;39m [32m-DEBUG[0;39m [35m17913[0;39m [2m---[0;39m [2m[nio-9090-exec-2][0;39m [36mhorizationManagerBeforeMethodInterceptor[0;39m [2m:[0;39m Authorizing method invocation ReflectiveMethodInvocation: public java.lang.Boolean com.team9.manosarthi_backend.Controllers.ChangePassController.getpassstatus(java.lang.String); target is of class [com.team9.manosarthi_backend.Controllers.ChangePassController]
-[2m2024-05-28 02:29:35.468[0;39m [32m-DEBUG[0;39m [35m17913[0;39m [2m---[0;39m [2m[nio-9090-exec-2][0;39m [36mhorizationManagerBeforeMethodInterceptor[0;39m [2m:[0;39m Authorized method invocation ReflectiveMethodInvocation: public java.lang.Boolean com.team9.manosarthi_backend.Controllers.ChangePassController.getpassstatus(java.lang.String); target is of class [com.team9.manosarthi_backend.Controllers.ChangePassController]
-[2m2024-05-28 02:29:35.847[0;39m [32m-DEBUG[0;39m [35m17913[0;39m [2m---[0;39m [2m[nio-9090-exec-4][0;39m [36mo.s.security.web.FilterChainProxy       [0;39m [2m:[0;39m Securing GET /worker/get-medical-questionarrie
-[2m2024-05-28 02:29:35.851[0;39m [32m- INFO[0;39m [35m17913[0;39m [2m---[0;39m [2m[nio-9090-exec-4][0;39m [36mo.s.web.filter.OncePerRequestFilter     [0;39m [2m:[0;39m  Header :  Bearer eyJhbGciOiJIUzI1NiJ9.eyJzdWIiOiJXT1JLRVIxIiwiaWF0IjoxNzE2ODQzNTc0LCJleHAiOjE3MTY5MjA5OTksImp0aSI6IjEifQ.4D_YAFIjtwjT-wOyYlDHIArSOX7zoCA7PnsFJ_C2PJk
-[2m2024-05-28 02:29:35.879[0;39m [32m-DEBUG[0;39m [35m17913[0;39m [2m---[0;39m [2m[nio-9090-exec-4][0;39m [36mo.s.security.web.FilterChainProxy       [0;39m [2m:[0;39m Secured GET /worker/get-medical-questionarrie
-[2m2024-05-28 02:29:36.244[0;39m [32m-DEBUG[0;39m [35m17913[0;39m [2m---[0;39m [2m[nio-9090-exec-5][0;39m [36mo.s.security.web.FilterChainProxy       [0;39m [2m:[0;39m Securing GET /worker/getAbhaid
-[2m2024-05-28 02:29:36.244[0;39m [32m- INFO[0;39m [35m17913[0;39m [2m---[0;39m [2m[nio-9090-exec-5][0;39m [36mo.s.web.filter.OncePerRequestFilter     [0;39m [2m:[0;39m  Header :  Bearer eyJhbGciOiJIUzI1NiJ9.eyJzdWIiOiJXT1JLRVIxIiwiaWF0IjoxNzE2ODQzNTc0LCJleHAiOjE3MTY5MjA5OTksImp0aSI6IjEifQ.4D_YAFIjtwjT-wOyYlDHIArSOX7zoCA7PnsFJ_C2PJk
-[2m2024-05-28 02:29:36.255[0;39m [32m-DEBUG[0;39m [35m17913[0;39m [2m---[0;39m [2m[nio-9090-exec-5][0;39m [36mo.s.security.web.FilterChainProxy       [0;39m [2m:[0;39m Secured GET /worker/getAbhaid
-[2m2024-05-28 02:29:39.516[0;39m [32m-DEBUG[0;39m [35m17913[0;39m [2m---[0;39m [2m[nio-9090-exec-6][0;39m [36mo.s.security.web.FilterChainProxy       [0;39m [2m:[0;39m Securing GET /worker/getFollowupSchedule
-[2m2024-05-28 02:29:39.517[0;39m [32m- INFO[0;39m [35m17913[0;39m [2m---[0;39m [2m[nio-9090-exec-6][0;39m [36mo.s.web.filter.OncePerRequestFilter     [0;39m [2m:[0;39m  Header :  Bearer eyJhbGciOiJIUzI1NiJ9.eyJzdWIiOiJXT1JLRVIxIiwiaWF0IjoxNzE2ODQzNTc0LCJleHAiOjE3MTY5MjA5OTksImp0aSI6IjEifQ.4D_YAFIjtwjT-wOyYlDHIArSOX7zoCA7PnsFJ_C2PJk
-[2m2024-05-28 02:29:39.533[0;39m [32m-DEBUG[0;39m [35m17913[0;39m [2m---[0;39m [2m[nio-9090-exec-6][0;39m [36mo.s.security.web.FilterChainProxy       [0;39m [2m:[0;39m Secured GET /worker/getFollowupSchedule
-[2m2024-05-28 02:29:39.727[0;39m [32m-DEBUG[0;39m [35m17913[0;39m [2m---[0;39m [2m[nio-9090-exec-7][0;39m [36mo.s.security.web.FilterChainProxy       [0;39m [2m:[0;39m Securing GET /worker/getprescriptions
-[2m2024-05-28 02:29:39.728[0;39m [32m- INFO[0;39m [35m17913[0;39m [2m---[0;39m [2m[nio-9090-exec-7][0;39m [36mo.s.web.filter.OncePerRequestFilter     [0;39m [2m:[0;39m  Header :  Bearer eyJhbGciOiJIUzI1NiJ9.eyJzdWIiOiJXT1JLRVIxIiwiaWF0IjoxNzE2ODQzNTc0LCJleHAiOjE3MTY5MjA5OTksImp0aSI6IjEifQ.4D_YAFIjtwjT-wOyYlDHIArSOX7zoCA7PnsFJ_C2PJk
-[2m2024-05-28 02:29:39.746[0;39m [32m-DEBUG[0;39m [35m17913[0;39m [2m---[0;39m [2m[nio-9090-exec-7][0;39m [36mo.s.security.web.FilterChainProxy       [0;39m [2m:[0;39m Secured GET /worker/getprescriptions
-[2m2024-05-28 02:32:37.805[0;39m [32m-DEBUG[0;39m [35m17913[0;39m [2m---[0;39m [2m[nio-9090-exec-5][0;39m [36mo.s.security.web.FilterChainProxy       [0;39m [2m:[0;39m Securing POST /auth/login
-[2m2024-05-28 02:32:37.807[0;39m [32m- INFO[0;39m [35m17913[0;39m [2m---[0;39m [2m[nio-9090-exec-5][0;39m [36mo.s.web.filter.OncePerRequestFilter     [0;39m [2m:[0;39m  Header :  null
-[2m2024-05-28 02:32:37.808[0;39m [32m- INFO[0;39m [35m17913[0;39m [2m---[0;39m [2m[nio-9090-exec-5][0;39m [36mo.s.web.filter.OncePerRequestFilter     [0;39m [2m:[0;39m Invalid Header Value !! 
-[2m2024-05-28 02:32:37.808[0;39m [32m-DEBUG[0;39m [35m17913[0;39m [2m---[0;39m [2m[nio-9090-exec-5][0;39m [36mo.s.s.w.a.AnonymousAuthenticationFilter [0;39m [2m:[0;39m Set SecurityContextHolder to anonymous SecurityContext
-[2m2024-05-28 02:32:37.809[0;39m [32m-DEBUG[0;39m [35m17913[0;39m [2m---[0;39m [2m[nio-9090-exec-5][0;39m [36mo.s.security.web.FilterChainProxy       [0;39m [2m:[0;39m Secured POST /auth/login
-[2m2024-05-28 02:32:37.937[0;39m [32m-DEBUG[0;39m [35m17913[0;39m [2m---[0;39m [2m[nio-9090-exec-5][0;39m [36mo.s.s.a.dao.DaoAuthenticationProvider   [0;39m [2m:[0;39m Authenticated user
-[2m2024-05-28 02:32:38.039[0;39m [32m-DEBUG[0;39m [35m17913[0;39m [2m---[0;39m [2m[nio-9090-exec-6][0;39m [36mo.s.security.web.FilterChainProxy       [0;39m [2m:[0;39m Securing GET /passwordstatus/?username=WORKER1
-[2m2024-05-28 02:32:38.040[0;39m [32m- INFO[0;39m [35m17913[0;39m [2m---[0;39m [2m[nio-9090-exec-6][0;39m [36mo.s.web.filter.OncePerRequestFilter     [0;39m [2m:[0;39m  Header :  Bearer eyJhbGciOiJIUzI1NiJ9.eyJzdWIiOiJXT1JLRVIxIiwiaWF0IjoxNzE2ODQzNzU3LCJleHAiOjE3MTY5MjA5OTksImp0aSI6IjEifQ.jz7LbwWSuNR1PD9aJLbjHLiE5yQPPb9jwodk8_VAlW4
-[2m2024-05-28 02:32:38.042[0;39m [32m-DEBUG[0;39m [35m17913[0;39m [2m---[0;39m [2m[nio-9090-exec-7][0;39m [36mo.s.security.web.FilterChainProxy       [0;39m [2m:[0;39m Securing GET /worker/getquestionarrie
-[2m2024-05-28 02:32:38.043[0;39m [32m- INFO[0;39m [35m17913[0;39m [2m---[0;39m [2m[nio-9090-exec-7][0;39m [36mo.s.web.filter.OncePerRequestFilter     [0;39m [2m:[0;39m  Header :  Bearer eyJhbGciOiJIUzI1NiJ9.eyJzdWIiOiJXT1JLRVIxIiwiaWF0IjoxNzE2ODQzNzU3LCJleHAiOjE3MTY5MjA5OTksImp0aSI6IjEifQ.jz7LbwWSuNR1PD9aJLbjHLiE5yQPPb9jwodk8_VAlW4
-[2m2024-05-28 02:32:38.058[0;39m [32m-DEBUG[0;39m [35m17913[0;39m [2m---[0;39m [2m[nio-9090-exec-6][0;39m [36mo.s.security.web.FilterChainProxy       [0;39m [2m:[0;39m Secured GET /passwordstatus/?username=WORKER1
-[2m2024-05-28 02:32:38.060[0;39m [32m-DEBUG[0;39m [35m17913[0;39m [2m---[0;39m [2m[nio-9090-exec-7][0;39m [36mo.s.security.web.FilterChainProxy       [0;39m [2m:[0;39m Secured GET /worker/getquestionarrie
-[2m2024-05-28 02:32:38.060[0;39m [32m-DEBUG[0;39m [35m17913[0;39m [2m---[0;39m [2m[nio-9090-exec-6][0;39m [36mhorizationManagerBeforeMethodInterceptor[0;39m [2m:[0;39m Authorizing method invocation ReflectiveMethodInvocation: public java.lang.Boolean com.team9.manosarthi_backend.Controllers.ChangePassController.getpassstatus(java.lang.String); target is of class [com.team9.manosarthi_backend.Controllers.ChangePassController]
-[2m2024-05-28 02:32:38.061[0;39m [32m-DEBUG[0;39m [35m17913[0;39m [2m---[0;39m [2m[nio-9090-exec-6][0;39m [36mhorizationManagerBeforeMethodInterceptor[0;39m [2m:[0;39m Authorized method invocation ReflectiveMethodInvocation: public java.lang.Boolean com.team9.manosarthi_backend.Controllers.ChangePassController.getpassstatus(java.lang.String); target is of class [com.team9.manosarthi_backend.Controllers.ChangePassController]
-[2m2024-05-28 02:32:38.416[0;39m [32m-DEBUG[0;39m [35m17913[0;39m [2m---[0;39m [2m[nio-9090-exec-8][0;39m [36mo.s.security.web.FilterChainProxy       [0;39m [2m:[0;39m Securing GET /worker/get-medical-questionarrie
-[2m2024-05-28 02:32:38.418[0;39m [32m- INFO[0;39m [35m17913[0;39m [2m---[0;39m [2m[nio-9090-exec-8][0;39m [36mo.s.web.filter.OncePerRequestFilter     [0;39m [2m:[0;39m  Header :  Bearer eyJhbGciOiJIUzI1NiJ9.eyJzdWIiOiJXT1JLRVIxIiwiaWF0IjoxNzE2ODQzNzU3LCJleHAiOjE3MTY5MjA5OTksImp0aSI6IjEifQ.jz7LbwWSuNR1PD9aJLbjHLiE5yQPPb9jwodk8_VAlW4
-[2m2024-05-28 02:32:38.443[0;39m [32m-DEBUG[0;39m [35m17913[0;39m [2m---[0;39m [2m[nio-9090-exec-8][0;39m [36mo.s.security.web.FilterChainProxy       [0;39m [2m:[0;39m Secured GET /worker/get-medical-questionarrie
-[2m2024-05-28 02:32:38.624[0;39m [32m-DEBUG[0;39m [35m17913[0;39m [2m---[0;39m [2m[nio-9090-exec-9][0;39m [36mo.s.security.web.FilterChainProxy       [0;39m [2m:[0;39m Securing GET /worker/getAbhaid
-[2m2024-05-28 02:32:38.625[0;39m [32m- INFO[0;39m [35m17913[0;39m [2m---[0;39m [2m[nio-9090-exec-9][0;39m [36mo.s.web.filter.OncePerRequestFilter     [0;39m [2m:[0;39m  Header :  Bearer eyJhbGciOiJIUzI1NiJ9.eyJzdWIiOiJXT1JLRVIxIiwiaWF0IjoxNzE2ODQzNzU3LCJleHAiOjE3MTY5MjA5OTksImp0aSI6IjEifQ.jz7LbwWSuNR1PD9aJLbjHLiE5yQPPb9jwodk8_VAlW4
-[2m2024-05-28 02:32:38.644[0;39m [32m-DEBUG[0;39m [35m17913[0;39m [2m---[0;39m [2m[nio-9090-exec-9][0;39m [36mo.s.security.web.FilterChainProxy       [0;39m [2m:[0;39m Secured GET /worker/getAbhaid
-[2m2024-05-28 02:32:41.220[0;39m [32m-DEBUG[0;39m [35m17913[0;39m [2m---[0;39m [2m[io-9090-exec-10][0;39m [36mo.s.security.web.FilterChainProxy       [0;39m [2m:[0;39m Securing GET /worker/getFollowupSchedule
-[2m2024-05-28 02:32:41.220[0;39m [32m- INFO[0;39m [35m17913[0;39m [2m---[0;39m [2m[io-9090-exec-10][0;39m [36mo.s.web.filter.OncePerRequestFilter     [0;39m [2m:[0;39m  Header :  Bearer eyJhbGciOiJIUzI1NiJ9.eyJzdWIiOiJXT1JLRVIxIiwiaWF0IjoxNzE2ODQzNzU3LCJleHAiOjE3MTY5MjA5OTksImp0aSI6IjEifQ.jz7LbwWSuNR1PD9aJLbjHLiE5yQPPb9jwodk8_VAlW4
-[2m2024-05-28 02:32:41.231[0;39m [32m-DEBUG[0;39m [35m17913[0;39m [2m---[0;39m [2m[io-9090-exec-10][0;39m [36mo.s.security.web.FilterChainProxy       [0;39m [2m:[0;39m Secured GET /worker/getFollowupSchedule
-[2m2024-05-28 02:32:41.420[0;39m [32m-DEBUG[0;39m [35m17913[0;39m [2m---[0;39m [2m[nio-9090-exec-1][0;39m [36mo.s.security.web.FilterChainProxy       [0;39m [2m:[0;39m Securing GET /worker/getprescriptions
-[2m2024-05-28 02:32:41.421[0;39m [32m- INFO[0;39m [35m17913[0;39m [2m---[0;39m [2m[nio-9090-exec-1][0;39m [36mo.s.web.filter.OncePerRequestFilter     [0;39m [2m:[0;39m  Header :  Bearer eyJhbGciOiJIUzI1NiJ9.eyJzdWIiOiJXT1JLRVIxIiwiaWF0IjoxNzE2ODQzNzU3LCJleHAiOjE3MTY5MjA5OTksImp0aSI6IjEifQ.jz7LbwWSuNR1PD9aJLbjHLiE5yQPPb9jwodk8_VAlW4
-[2m2024-05-28 02:32:41.437[0;39m [32m-DEBUG[0;39m [35m17913[0;39m [2m---[0;39m [2m[nio-9090-exec-1][0;39m [36mo.s.security.web.FilterChainProxy       [0;39m [2m:[0;39m Secured GET /worker/getprescriptions
-[2m2024-05-28 03:43:21.563[0;39m [32m- INFO[0;39m [35m17913[0;39m [2m---[0;39m [2m[ionShutdownHook][0;39m [36mj.LocalContainerEntityManagerFactoryBean[0;39m [2m:[0;39m Closing JPA EntityManagerFactory for persistence unit 'default'
-[2m2024-05-28 03:43:21.565[0;39m [32m- INFO[0;39m [35m17913[0;39m [2m---[0;39m [2m[ionShutdownHook][0;39m [36mcom.zaxxer.hikari.HikariDataSource      [0;39m [2m:[0;39m HikariPool-3 - Shutdown initiated...
-[2m2024-05-28 03:43:21.571[0;39m [32m- INFO[0;39m [35m17913[0;39m [2m---[0;39m [2m[ionShutdownHook][0;39m [36mcom.zaxxer.hikari.HikariDataSource      [0;39m [2m:[0;39m HikariPool-3 - Shutdown completed.
-